GL_LOG_FILE log. local time Mon Apr 23 17:31:37 2018
build version: Apr 23 2018 17:31:32

starting GLFW
3.2.1 X11 GLX EGL clock_gettime /dev/js Xf86vm shared
renderer: llvmpipe (LLVM 6.0, 128 bits)
version: 3.0 Mesa 18.0.0
GL Context Params:
GL_MAX_COMBINED_TEXTURE_IMAGE_UNITS 96
GL_MAX_CUBE_MAP_TEXTURE_SIZE 8192
GL_MAX_DRAW_BUFFERS 8
GL_MAX_FRAGMENT_UNIFORM_COMPONENTS 16384
GL_MAX_TEXTURE_IMAGE_UNITS 32
GL_MAX_TEXTURE_SIZE 8192
GL_MAX_VARYING_FLOATS 128
GL_MAX_VERTEX_ATTRIBS 16
GL_MAX_VERTEX_TEXTURE_IMAGE_UNITS 32
GL_MAX_VERTEX_UNIFORM_COMPONENTS 16384
GL_MAX_VIEWPORT_DIMS 8192 8192
GL_STEREO 0
-----------------------------
